# JRE version: OpenJDK Runtime Environment (8.0_152-b01) (build 1.8.0_152-release-915-b01)
# Java VM: OpenJDK 64-Bit Server VM (25.152-b01 mixed mode linux-amd64 compressed oops)
Heap:
 PSYoungGen      total 285696K, used 16592K [0x00000000e0000000, 0x00000000f3b00000, 0x0000000100000000)
  eden space 250368K, 0% used [0x00000000e0000000,0x00000000e0000000,0x00000000ef480000)
  from space 35328K, 46% used [0x00000000ef480000,0x00000000f04b4270,0x00000000f1700000)
  to   space 32768K, 0% used [0x00000000f1700000,0x00000000f1700000,0x00000000f3700000)
 ParOldGen       total 151040K, used 66474K [0x00000000a0000000, 0x00000000a9380000, 0x00000000e0000000)
  object space 151040K, 44% used [0x00000000a0000000,0x00000000a40eaab8,0x00000000a9380000)
 Metaspace       used 79835K, capacity 86704K, committed 86872K, reserved 1124352K
  class space    used 10080K, capacity 11528K, committed 11648K, reserved 1048576K
GC Heap History (10 events):
Event: 8912.062 GC heap after
Heap after GC invocations=29 (full 3):
 PSYoungGen      total 198656K, used 16908K [0x00000000e0000000, 0x00000000ef380000, 0x0000000100000000)
  eden space 163328K, 0% used [0x00000000e0000000,0x00000000e0000000,0x00000000e9f80000)
  from space 35328K, 47% used [0x00000000ec080000,0x00000000ed1030b8,0x00000000ee300000)
  to   space 33792K, 0% used [0x00000000e9f80000,0x00000000e9f80000,0x00000000ec080000)
 ParOldGen       total 151040K, used 58361K [0x00000000a0000000, 0x00000000a9380000, 0x00000000e0000000)
  object space 151040K, 38% used [0x00000000a0000000,0x00000000a38fe7d8,0x00000000a9380000)
 Metaspace       used 78573K, capacity 83948K, committed 84056K, reserved 1122304K
  class space    used 9862K, capacity 11079K, committed 11136K, reserved 1048576K
}
Event: 8912.104 GC heap before
{Heap before GC invocations=30 (full 3):
 PSYoungGen      total 198656K, used 179519K [0x00000000e0000000, 0x00000000ef380000, 0x0000000100000000)
  eden space 163328K, 99% used [0x00000000e0000000,0x00000000e9eccc08,0x00000000e9f80000)
  from space 35328K, 47% used [0x00000000ec080000,0x00000000ed1030b8,0x00000000ee300000)
  to   space 33792K, 0% used [0x00000000e9f80000,0x00000000e9f80000,0x00000000ec080000)
 ParOldGen       total 151040K, used 58361K [0x00000000a0000000, 0x00000000a9380000, 0x00000000e0000000)
  object space 151040K, 38% used [0x00000000a0000000,0x00000000a38fe7d8,0x00000000a9380000)
 Metaspace       used 78578K, capacity 83948K, committed 84056K, reserved 1122304K
  class space    used 9862K, capacity 11079K, committed 11136K, reserved 1048576K
Event: 8912.139 GC heap after
Heap after GC invocations=30 (full 3):
 PSYoungGen      total 197120K, used 11548K [0x00000000e0000000, 0x00000000f0b80000, 0x0000000100000000)
  eden space 163328K, 0% used [0x00000000e0000000,0x00000000e0000000,0x00000000e9f80000)
  from space 33792K, 34% used [0x00000000e9f80000,0x00000000eaac70e8,0x00000000ec080000)
  to   space 33792K, 0% used [0x00000000eea80000,0x00000000eea80000,0x00000000f0b80000)
 ParOldGen       total 151040K, used 63562K [0x00000000a0000000, 0x00000000a9380000, 0x00000000e0000000)
  object space 151040K, 42% used [0x00000000a0000000,0x00000000a3e12a18,0x00000000a9380000)
 Metaspace       used 78578K, capacity 83948K, committed 84056K, reserved 1122304K
  class space    used 9862K, capacity 11079K, committed 11136K, reserved 1048576K
}
Event: 8929.570 GC heap before
{Heap before GC invocations=31 (full 3):
 PSYoungGen      total 197120K, used 174876K [0x00000000e0000000, 0x00000000f0b80000, 0x0000000100000000)
  eden space 163328K, 100% used [0x00000000e0000000,0x00000000e9f80000,0x00000000e9f80000)
  from space 33792K, 34% used [0x00000000e9f80000,0x00000000eaac70e8,0x00000000ec080000)
  to   space 33792K, 0% used [0x00000000eea80000,0x00000000eea80000,0x00000000f0b80000)
 ParOldGen       total 151040K, used 63562K [0x00000000a0000000, 0x00000000a9380000, 0x00000000e0000000)
  object space 151040K, 42% used [0x00000000a0000000,0x00000000a3e12a18,0x00000000a9380000)
 Metaspace       used 79562K, capacity 86302K, committed 86488K, reserved 1124352K
  class space    used 10074K, capacity 11490K, committed 11520K, reserved 1048576K
Event: 8929.592 GC heap after
Heap after GC invocations=31 (full 3):
 PSYoungGen      total 236032K, used 7936K [0x00000000e0000000, 0x00000000f0980000, 0x0000000100000000)
  eden space 204288K, 0% used [0x00000000e0000000,0x00000000e0000000,0x00000000ec780000)
  from space 31744K, 25% used [0x00000000eea80000,0x00000000ef2400f0,0x00000000f0980000)
  to   space 33792K, 0% used [0x00000000ec780000,0x00000000ec780000,0x00000000ee880000)
 ParOldGen       total 151040K, used 64349K [0x00000000a0000000, 0x00000000a9380000, 0x00000000e0000000)
  object space 151040K, 42% used [0x00000000a0000000,0x00000000a3ed7468,0x00000000a9380000)
 Metaspace       used 79562K, capacity 86302K, committed 86488K, reserved 1124352K
  class space    used 10074K, capacity 11490K, committed 11520K, reserved 1048576K
}
Event: 8931.792 GC heap before
{Heap before GC invocations=32 (full 3):
 PSYoungGen      total 236032K, used 212224K [0x00000000e0000000, 0x00000000f0980000, 0x0000000100000000)
  eden space 204288K, 100% used [0x00000000e0000000,0x00000000ec780000,0x00000000ec780000)
  from space 31744K, 25% used [0x00000000eea80000,0x00000000ef2400f0,0x00000000f0980000)
  to   space 33792K, 0% used [0x00000000ec780000,0x00000000ec780000,0x00000000ee880000)
 ParOldGen       total 151040K, used 64349K [0x00000000a0000000, 0x00000000a9380000, 0x00000000e0000000)
  object space 151040K, 42% used [0x00000000a0000000,0x00000000a3ed7468,0x00000000a9380000)
 Metaspace       used 79732K, capacity 86632K, committed 86872K, reserved 1124352K
  class space    used 10079K, capacity 11526K, committed 11648K, reserved 1048576K
Event: 8931.822 GC heap after
Heap after GC invocations=32 (full 3):
 PSYoungGen      total 238080K, used 12154K [0x00000000e0000000, 0x00000000f3700000, 0x0000000100000000)
  eden space 204288K, 0% used [0x00000000e0000000,0x00000000e0000000,0x00000000ec780000)
  from space 33792K, 35% used [0x00000000ec780000,0x00000000ed35eb20,0x00000000ee880000)
  to   space 32768K, 0% used [0x00000000f1700000,0x00000000f1700000,0x00000000f3700000)
 ParOldGen       total 151040K, used 65138K [0x00000000a0000000, 0x00000000a9380000, 0x00000000e0000000)
  object space 151040K, 43% used [0x00000000a0000000,0x00000000a3f9c8e8,0x00000000a9380000)
 Metaspace       used 79732K, capacity 86632K, committed 86872K, reserved 1124352K
  class space    used 10079K, capacity 11526K, committed 11648K, reserved 1048576K
}
Event: 8932.714 GC heap before
{Heap before GC invocations=33 (full 3):
 PSYoungGen      total 238080K, used 216442K [0x00000000e0000000, 0x00000000f3700000, 0x0000000100000000)
  eden space 204288K, 100% used [0x00000000e0000000,0x00000000ec780000,0x00000000ec780000)
  from space 33792K, 35% used [0x00000000ec780000,0x00000000ed35eb20,0x00000000ee880000)
  to   space 32768K, 0% used [0x00000000f1700000,0x00000000f1700000,0x00000000f3700000)
 ParOldGen       total 151040K, used 65138K [0x00000000a0000000, 0x00000000a9380000, 0x00000000e0000000)
  object space 151040K, 43% used [0x00000000a0000000,0x00000000a3f9c8e8,0x00000000a9380000)
 Metaspace       used 79813K, capacity 86700K, committed 86872K, reserved 1124352K
  class space    used 10079K, capacity 11526K, committed 11648K, reserved 1048576K
Event: 8932.788 GC heap after
Heap after GC invocations=33 (full 3):
 PSYoungGen      total 283136K, used 27032K [0x00000000e0000000, 0x00000000f3b00000, 0x0000000100000000)
  eden space 250368K, 0% used [0x00000000e0000000,0x00000000e0000000,0x00000000ef480000)
  from space 32768K, 82% used [0x00000000f1700000,0x00000000f31662f0,0x00000000f3700000)
  to   space 35328K, 0% used [0x00000000ef480000,0x00000000ef480000,0x00000000f1700000)
 ParOldGen       total 151040K, used 65684K [0x00000000a0000000, 0x00000000a9380000, 0x00000000e0000000)
  object space 151040K, 43% used [0x00000000a0000000,0x00000000a4025048,0x00000000a9380000)
 Metaspace       used 79813K, capacity 86700K, committed 86872K, reserved 1124352K
  class space    used 10079K, capacity 11526K, committed 11648K, reserved 1048576K
}
Event: 8934.395 GC heap before
{Heap before GC invocations=34 (full 3):
 PSYoungGen      total 283136K, used 277384K [0x00000000e0000000, 0x00000000f3b00000, 0x0000000100000000)
  eden space 250368K, 99% used [0x00000000e0000000,0x00000000ef47be78,0x00000000ef480000)
  from space 32768K, 82% used [0x00000000f1700000,0x00000000f31662f0,0x00000000f3700000)
  to   space 35328K, 0% used [0x00000000ef480000,0x00000000ef480000,0x00000000f1700000)
 ParOldGen       total 151040K, used 65684K [0x00000000a0000000, 0x00000000a9380000, 0x00000000e0000000)
  object space 151040K, 43% used [0x00000000a0000000,0x00000000a4025048,0x00000000a9380000)
 Metaspace       used 79835K, capacity 86704K, committed 86872K, reserved 1124352K
  class space    used 10080K, capacity 11528K, committed 11648K, reserved 1048576K

