# JRE version: OpenJDK Runtime Environment (8.0_152-b01) (build 1.8.0_152-release-915-b01)
# Java VM: OpenJDK 64-Bit Server VM (25.152-b01 mixed mode linux-amd64 compressed oops)
Heap:
 PSYoungGen      total 273408K, used 16442K [0x00000000e0000000, 0x00000000f1f00000, 0x0000000100000000)
  eden space 252928K, 0% used [0x00000000e0000000,0x00000000e0000000,0x00000000ef700000)
  from space 20480K, 80% used [0x00000000ef700000,0x00000000f070ebd0,0x00000000f0b00000)
  to   space 18432K, 0% used [0x00000000f0d00000,0x00000000f0d00000,0x00000000f1f00000)
 ParOldGen       total 137728K, used 32856K [0x00000000a0000000, 0x00000000a8680000, 0x00000000e0000000)
  object space 137728K, 23% used [0x00000000a0000000,0x00000000a2016050,0x00000000a8680000)
 Metaspace       used 64572K, capacity 67293K, committed 67544K, reserved 1107968K
  class space    used 8490K, capacity 9092K, committed 9216K, reserved 1048576K
GC Heap History (10 events):
Event: 11.670 GC heap after
Heap after GC invocations=13 (full 2):
 PSYoungGen      total 143872K, used 16235K [0x00000000e0000000, 0x00000000ecb80000, 0x0000000100000000)
  eden space 125440K, 0% used [0x00000000e0000000,0x00000000e0000000,0x00000000e7a80000)
  from space 18432K, 88% used [0x00000000e7a80000,0x00000000e8a5af38,0x00000000e8c80000)
  to   space 19968K, 0% used [0x00000000eb800000,0x00000000eb800000,0x00000000ecb80000)
 ParOldGen       total 105984K, used 28149K [0x00000000a0000000, 0x00000000a6780000, 0x00000000e0000000)
  object space 105984K, 26% used [0x00000000a0000000,0x00000000a1b7d610,0x00000000a6780000)
 Metaspace       used 54317K, capacity 56140K, committed 56408K, reserved 1097728K
  class space    used 7359K, capacity 7795K, committed 7808K, reserved 1048576K
}
Event: 11.697 GC heap before
{Heap before GC invocations=14 (full 2):
 PSYoungGen      total 143872K, used 140822K [0x00000000e0000000, 0x00000000ecb80000, 0x0000000100000000)
  eden space 125440K, 99% used [0x00000000e0000000,0x00000000e79aaa10,0x00000000e7a80000)
  from space 18432K, 88% used [0x00000000e7a80000,0x00000000e8a5af38,0x00000000e8c80000)
  to   space 19968K, 0% used [0x00000000eb800000,0x00000000eb800000,0x00000000ecb80000)
 ParOldGen       total 105984K, used 28149K [0x00000000a0000000, 0x00000000a6780000, 0x00000000e0000000)
  object space 105984K, 26% used [0x00000000a0000000,0x00000000a1b7d610,0x00000000a6780000)
 Metaspace       used 54324K, capacity 56204K, committed 56408K, reserved 1097728K
  class space    used 7359K, capacity 7795K, committed 7808K, reserved 1048576K
Event: 11.727 GC heap after
Heap after GC invocations=14 (full 2):
 PSYoungGen      total 187392K, used 15735K [0x00000000e0000000, 0x00000000ee200000, 0x0000000100000000)
  eden space 167424K, 0% used [0x00000000e0000000,0x00000000e0000000,0x00000000ea380000)
  from space 19968K, 78% used [0x00000000eb800000,0x00000000ec75dfd8,0x00000000ecb80000)
  to   space 20992K, 0% used [0x00000000ea380000,0x00000000ea380000,0x00000000eb800000)
 ParOldGen       total 105984K, used 28149K [0x00000000a0000000, 0x00000000a6780000, 0x00000000e0000000)
  object space 105984K, 26% used [0x00000000a0000000,0x00000000a1b7d610,0x00000000a6780000)
 Metaspace       used 54324K, capacity 56204K, committed 56408K, reserved 1097728K
  class space    used 7359K, capacity 7795K, committed 7808K, reserved 1048576K
}
Event: 11.773 GC heap before
{Heap before GC invocations=15 (full 2):
 PSYoungGen      total 187392K, used 182884K [0x00000000e0000000, 0x00000000ee200000, 0x0000000100000000)
  eden space 167424K, 99% used [0x00000000e0000000,0x00000000ea33b090,0x00000000ea380000)
  from space 19968K, 78% used [0x00000000eb800000,0x00000000ec75dfd8,0x00000000ecb80000)
  to   space 20992K, 0% used [0x00000000ea380000,0x00000000ea380000,0x00000000eb800000)
 ParOldGen       total 105984K, used 28149K [0x00000000a0000000, 0x00000000a6780000, 0x00000000e0000000)
  object space 105984K, 26% used [0x00000000a0000000,0x00000000a1b7d610,0x00000000a6780000)
 Metaspace       used 54326K, capacity 56204K, committed 56408K, reserved 1097728K
  class space    used 7359K, capacity 7795K, committed 7808K, reserved 1048576K
Event: 11.794 GC heap after
Heap after GC invocations=15 (full 2):
 PSYoungGen      total 188416K, used 11493K [0x00000000e0000000, 0x00000000f2080000, 0x0000000100000000)
  eden space 167424K, 0% used [0x00000000e0000000,0x00000000e0000000,0x00000000ea380000)
  from space 20992K, 54% used [0x00000000ea380000,0x00000000eaeb9478,0x00000000eb800000)
  to   space 19968K, 0% used [0x00000000f0d00000,0x00000000f0d00000,0x00000000f2080000)
 ParOldGen       total 105984K, used 32191K [0x00000000a0000000, 0x00000000a6780000, 0x00000000e0000000)
  object space 105984K, 30% used [0x00000000a0000000,0x00000000a1f6fcc8,0x00000000a6780000)
 Metaspace       used 54326K, capacity 56204K, committed 56408K, reserved 1097728K
  class space    used 7359K, capacity 7795K, committed 7808K, reserved 1048576K
}
Event: 12.401 GC heap before
{Heap before GC invocations=16 (full 2):
 PSYoungGen      total 188416K, used 91215K [0x00000000e0000000, 0x00000000f2080000, 0x0000000100000000)
  eden space 167424K, 47% used [0x00000000e0000000,0x00000000e4dda9a8,0x00000000ea380000)
  from space 20992K, 54% used [0x00000000ea380000,0x00000000eaeb9478,0x00000000eb800000)
  to   space 19968K, 0% used [0x00000000f0d00000,0x00000000f0d00000,0x00000000f2080000)
 ParOldGen       total 105984K, used 32191K [0x00000000a0000000, 0x00000000a6780000, 0x00000000e0000000)
  object space 105984K, 30% used [0x00000000a0000000,0x00000000a1f6fcc8,0x00000000a6780000)
 Metaspace       used 56966K, capacity 59003K, committed 59028K, reserved 1099776K
  class space    used 7721K, capacity 8167K, committed 8192K, reserved 1048576K
Event: 12.427 GC heap after
Heap after GC invocations=16 (full 2):
 PSYoungGen      total 271360K, used 5314K [0x00000000e0000000, 0x00000000f1f00000, 0x0000000100000000)
  eden space 252928K, 0% used [0x00000000e0000000,0x00000000e0000000,0x00000000ef700000)
  from space 18432K, 28% used [0x00000000f0d00000,0x00000000f1230868,0x00000000f1f00000)
  to   space 20480K, 0% used [0x00000000ef700000,0x00000000ef700000,0x00000000f0b00000)
 ParOldGen       total 105984K, used 42231K [0x00000000a0000000, 0x00000000a6780000, 0x00000000e0000000)
  object space 105984K, 39% used [0x00000000a0000000,0x00000000a293dd48,0x00000000a6780000)
 Metaspace       used 56966K, capacity 59003K, committed 59028K, reserved 1099776K
  class space    used 7721K, capacity 8167K, committed 8192K, reserved 1048576K
}
Event: 12.427 GC heap before
{Heap before GC invocations=17 (full 3):
 PSYoungGen      total 271360K, used 5314K [0x00000000e0000000, 0x00000000f1f00000, 0x0000000100000000)
  eden space 252928K, 0% used [0x00000000e0000000,0x00000000e0000000,0x00000000ef700000)
  from space 18432K, 28% used [0x00000000f0d00000,0x00000000f1230868,0x00000000f1f00000)
  to   space 20480K, 0% used [0x00000000ef700000,0x00000000ef700000,0x00000000f0b00000)
 ParOldGen       total 105984K, used 42231K [0x00000000a0000000, 0x00000000a6780000, 0x00000000e0000000)
  object space 105984K, 39% used [0x00000000a0000000,0x00000000a293dd48,0x00000000a6780000)
 Metaspace       used 56966K, capacity 59003K, committed 59028K, reserved 1099776K
  class space    used 7721K, capacity 8167K, committed 8192K, reserved 1048576K
Event: 12.746 GC heap after
Heap after GC invocations=17 (full 3):
 PSYoungGen      total 271360K, used 0K [0x00000000e0000000, 0x00000000f1f00000, 0x0000000100000000)
  eden space 252928K, 0% used [0x00000000e0000000,0x00000000e0000000,0x00000000ef700000)
  from space 18432K, 0% used [0x00000000f0d00000,0x00000000f0d00000,0x00000000f1f00000)
  to   space 20480K, 0% used [0x00000000ef700000,0x00000000ef700000,0x00000000f0b00000)
 ParOldGen       total 137728K, used 32848K [0x00000000a0000000, 0x00000000a8680000, 0x00000000e0000000)
  object space 137728K, 23% used [0x00000000a0000000,0x00000000a2014050,0x00000000a8680000)
 Metaspace       used 56966K, capacity 59003K, committed 59028K, reserved 1099776K
  class space    used 7721K, capacity 8167K, committed 8192K, reserved 1048576K
}
Event: 56.234 GC heap before
{Heap before GC invocations=18 (full 3):
 PSYoungGen      total 271360K, used 252928K [0x00000000e0000000, 0x00000000f1f00000, 0x0000000100000000)
  eden space 252928K, 100% used [0x00000000e0000000,0x00000000ef700000,0x00000000ef700000)
  from space 18432K, 0% used [0x00000000f0d00000,0x00000000f0d00000,0x00000000f1f00000)
  to   space 20480K, 0% used [0x00000000ef700000,0x00000000ef700000,0x00000000f0b00000)
 ParOldGen       total 137728K, used 32848K [0x00000000a0000000, 0x00000000a8680000, 0x00000000e0000000)
  object space 137728K, 23% used [0x00000000a0000000,0x00000000a2014050,0x00000000a8680000)
 Metaspace       used 64572K, capacity 67293K, committed 67544K, reserved 1107968K
  class space    used 8490K, capacity 9092K, committed 9216K, reserved 1048576K

