# JRE version: OpenJDK Runtime Environment (8.0_152-b01) (build 1.8.0_152-release-915-b01)
# Java VM: OpenJDK 64-Bit Server VM (25.152-b01 mixed mode linux-amd64 compressed oops)
Heap:
 PSYoungGen      total 365056K, used 30108K [0x00000000e0000000, 0x00000000f8800000, 0x0000000100000000)
  eden space 331776K, 0% used [0x00000000e0000000,0x00000000e0000000,0x00000000f4400000)
  from space 33280K, 90% used [0x00000000f4400000,0x00000000f6167358,0x00000000f6480000)
  to   space 25088K, 0% used [0x00000000f6480000,0x00000000f6480000,0x00000000f7d00000)
 ParOldGen       total 135680K, used 48063K [0x00000000a0000000, 0x00000000a8480000, 0x00000000e0000000)
  object space 135680K, 35% used [0x00000000a0000000,0x00000000a2eefff8,0x00000000a8480000)
 Metaspace       used 70877K, capacity 73760K, committed 73816K, reserved 1114112K
  class space    used 9210K, capacity 9855K, committed 9856K, reserved 1048576K
GC Heap History (10 events):
Event: 12.491 GC heap after
Heap after GC invocations=15 (full 2):
 PSYoungGen      total 177152K, used 17088K [0x00000000e0000000, 0x00000000f1000000, 0x0000000100000000)
  eden space 154112K, 0% used [0x00000000e0000000,0x00000000e0000000,0x00000000e9680000)
  from space 23040K, 74% used [0x00000000e9680000,0x00000000ea730148,0x00000000ead00000)
  to   space 24064K, 0% used [0x00000000ef880000,0x00000000ef880000,0x00000000f1000000)
 ParOldGen       total 104960K, used 27761K [0x00000000a0000000, 0x00000000a6680000, 0x00000000e0000000)
  object space 104960K, 26% used [0x00000000a0000000,0x00000000a1b1c7b0,0x00000000a6680000)
 Metaspace       used 56509K, capacity 58650K, committed 58840K, reserved 1099776K
  class space    used 7657K, capacity 8160K, committed 8192K, reserved 1048576K
}
Event: 12.580 GC heap before
{Heap before GC invocations=16 (full 2):
 PSYoungGen      total 177152K, used 73479K [0x00000000e0000000, 0x00000000f1000000, 0x0000000100000000)
  eden space 154112K, 36% used [0x00000000e0000000,0x00000000e3711c38,0x00000000e9680000)
  from space 23040K, 74% used [0x00000000e9680000,0x00000000ea730148,0x00000000ead00000)
  to   space 24064K, 0% used [0x00000000ef880000,0x00000000ef880000,0x00000000f1000000)
 ParOldGen       total 104960K, used 27761K [0x00000000a0000000, 0x00000000a6680000, 0x00000000e0000000)
  object space 104960K, 26% used [0x00000000a0000000,0x00000000a1b1c7b0,0x00000000a6680000)
 Metaspace       used 56811K, capacity 58956K, committed 59028K, reserved 1099776K
  class space    used 7704K, capacity 8171K, committed 8192K, reserved 1048576K
Event: 12.600 GC heap after
Heap after GC invocations=16 (full 2):
 PSYoungGen      total 254976K, used 11971K [0x00000000e0000000, 0x00000000f0f80000, 0x0000000100000000)
  eden space 231424K, 0% used [0x00000000e0000000,0x00000000e0000000,0x00000000ee200000)
  from space 23552K, 50% used [0x00000000ef880000,0x00000000f0430db8,0x00000000f0f80000)
  to   space 23040K, 0% used [0x00000000ee200000,0x00000000ee200000,0x00000000ef880000)
 ParOldGen       total 104960K, used 32538K [0x00000000a0000000, 0x00000000a6680000, 0x00000000e0000000)
  object space 104960K, 31% used [0x00000000a0000000,0x00000000a1fc68e0,0x00000000a6680000)
 Metaspace       used 56811K, capacity 58956K, committed 59028K, reserved 1099776K
  class space    used 7704K, capacity 8171K, committed 8192K, reserved 1048576K
}
Event: 12.601 GC heap before
{Heap before GC invocations=17 (full 3):
 PSYoungGen      total 254976K, used 11971K [0x00000000e0000000, 0x00000000f0f80000, 0x0000000100000000)
  eden space 231424K, 0% used [0x00000000e0000000,0x00000000e0000000,0x00000000ee200000)
  from space 23552K, 50% used [0x00000000ef880000,0x00000000f0430db8,0x00000000f0f80000)
  to   space 23040K, 0% used [0x00000000ee200000,0x00000000ee200000,0x00000000ef880000)
 ParOldGen       total 104960K, used 32538K [0x00000000a0000000, 0x00000000a6680000, 0x00000000e0000000)
  object space 104960K, 31% used [0x00000000a0000000,0x00000000a1fc68e0,0x00000000a6680000)
 Metaspace       used 56811K, capacity 58956K, committed 59028K, reserved 1099776K
  class space    used 7704K, capacity 8171K, committed 8192K, reserved 1048576K
Event: 12.846 GC heap after
Heap after GC invocations=17 (full 3):
 PSYoungGen      total 254976K, used 0K [0x00000000e0000000, 0x00000000f0f80000, 0x0000000100000000)
  eden space 231424K, 0% used [0x00000000e0000000,0x00000000e0000000,0x00000000ee200000)
  from space 23552K, 0% used [0x00000000ef880000,0x00000000ef880000,0x00000000f0f80000)
  to   space 23040K, 0% used [0x00000000ee200000,0x00000000ee200000,0x00000000ef880000)
 ParOldGen       total 135680K, used 34502K [0x00000000a0000000, 0x00000000a8480000, 0x00000000e0000000)
  object space 135680K, 25% used [0x00000000a0000000,0x00000000a21b1a30,0x00000000a8480000)
 Metaspace       used 56789K, capacity 58892K, committed 59028K, reserved 1099776K
  class space    used 7697K, capacity 8159K, committed 8192K, reserved 1048576K
}
Event: 356.935 GC heap before
{Heap before GC invocations=18 (full 3):
 PSYoungGen      total 254976K, used 231424K [0x00000000e0000000, 0x00000000f0f80000, 0x0000000100000000)
  eden space 231424K, 100% used [0x00000000e0000000,0x00000000ee200000,0x00000000ee200000)
  from space 23552K, 0% used [0x00000000ef880000,0x00000000ef880000,0x00000000f0f80000)
  to   space 23040K, 0% used [0x00000000ee200000,0x00000000ee200000,0x00000000ef880000)
 ParOldGen       total 135680K, used 34502K [0x00000000a0000000, 0x00000000a8480000, 0x00000000e0000000)
  object space 135680K, 25% used [0x00000000a0000000,0x00000000a21b1a30,0x00000000a8480000)
 Metaspace       used 67867K, capacity 70710K, committed 70872K, reserved 1110016K
  class space    used 8982K, capacity 9616K, committed 9728K, reserved 1048576K
Event: 356.996 GC heap after
Heap after GC invocations=18 (full 3):
 PSYoungGen      total 254464K, used 20990K [0x00000000e0000000, 0x00000000f7d00000, 0x0000000100000000)
  eden space 231424K, 0% used [0x00000000e0000000,0x00000000e0000000,0x00000000ee200000)
  from space 23040K, 91% used [0x00000000ee200000,0x00000000ef67f808,0x00000000ef880000)
  to   space 25088K, 0% used [0x00000000f6480000,0x00000000f6480000,0x00000000f7d00000)
 ParOldGen       total 135680K, used 34510K [0x00000000a0000000, 0x00000000a8480000, 0x00000000e0000000)
  object space 135680K, 25% used [0x00000000a0000000,0x00000000a21b3a30,0x00000000a8480000)
 Metaspace       used 67867K, capacity 70710K, committed 70872K, reserved 1110016K
  class space    used 8982K, capacity 9616K, committed 9728K, reserved 1048576K
}
Event: 359.481 GC heap before
{Heap before GC invocations=19 (full 3):
 PSYoungGen      total 254464K, used 252414K [0x00000000e0000000, 0x00000000f7d00000, 0x0000000100000000)
  eden space 231424K, 100% used [0x00000000e0000000,0x00000000ee200000,0x00000000ee200000)
  from space 23040K, 91% used [0x00000000ee200000,0x00000000ef67f808,0x00000000ef880000)
  to   space 25088K, 0% used [0x00000000f6480000,0x00000000f6480000,0x00000000f7d00000)
 ParOldGen       total 135680K, used 34510K [0x00000000a0000000, 0x00000000a8480000, 0x00000000e0000000)
  object space 135680K, 25% used [0x00000000a0000000,0x00000000a21b3a30,0x00000000a8480000)
 Metaspace       used 70620K, capacity 73460K, committed 73560K, reserved 1114112K
  class space    used 9205K, capacity 9847K, committed 9856K, reserved 1048576K
Event: 359.551 GC heap after
Heap after GC invocations=19 (full 3):
 PSYoungGen      total 356864K, used 25067K [0x00000000e0000000, 0x00000000f8800000, 0x0000000100000000)
  eden space 331776K, 0% used [0x00000000e0000000,0x00000000e0000000,0x00000000f4400000)
  from space 25088K, 99% used [0x00000000f6480000,0x00000000f7cface8,0x00000000f7d00000)
  to   space 33280K, 0% used [0x00000000f4400000,0x00000000f4400000,0x00000000f6480000)
 ParOldGen       total 135680K, used 48063K [0x00000000a0000000, 0x00000000a8480000, 0x00000000e0000000)
  object space 135680K, 35% used [0x00000000a0000000,0x00000000a2eefff8,0x00000000a8480000)
 Metaspace       used 70620K, capacity 73460K, committed 73560K, reserved 1114112K
  class space    used 9205K, capacity 9847K, committed 9856K, reserved 1048576K
}
Event: 361.001 GC heap before
{Heap before GC invocations=20 (full 3):
 PSYoungGen      total 356864K, used 356605K [0x00000000e0000000, 0x00000000f8800000, 0x0000000100000000)
  eden space 331776K, 99% used [0x00000000e0000000,0x00000000f43c47e8,0x00000000f4400000)
  from space 25088K, 99% used [0x00000000f6480000,0x00000000f7cface8,0x00000000f7d00000)
  to   space 33280K, 0% used [0x00000000f4400000,0x00000000f4400000,0x00000000f6480000)
 ParOldGen       total 135680K, used 48063K [0x00000000a0000000, 0x00000000a8480000, 0x00000000e0000000)
  object space 135680K, 35% used [0x00000000a0000000,0x00000000a2eefff8,0x00000000a8480000)
 Metaspace       used 70877K, capacity 73760K, committed 73816K, reserved 1114112K
  class space    used 9210K, capacity 9855K, committed 9856K, reserved 1048576K

